[0416/230119.832:ERROR:process_info.cc(329)] VirtualQueryEx: Access is denied. (0x5)
[0416/230119.832:ERROR:process_info.cc(556)] ReadMemoryInfo failed
[0416/230119.842:ERROR:scoped_process_suspend.cc(40)] NtResumeProcess: An attempt was made to access an exiting process. (0xc000010a)
[0416/231802.678:ERROR:process_info.cc(329)] VirtualQueryEx: Access is denied. (0x5)
[0416/231802.678:ERROR:process_info.cc(556)] ReadMemoryInfo failed
[0416/231802.678:ERROR:process_memory_win.cc(39)] Failed to initialize ProcessInfo.
[0416/231802.686:ERROR:scoped_process_suspend.cc(40)] NtResumeProcess: An attempt was made to access an exiting process. (0xc000010a)
[0416/231922.366:ERROR:process_memory_win.cc(73)] ReadMemory at 0x6b91bfb000 of 20480 bytes failed: Only part of a ReadProcessMemory or WriteProcessMemory request was completed. (0x12B)
[0416/231922.382:ERROR:process_memory_win.cc(73)] ReadMemory at 0x6b90a61000 of 852 bytes failed: Only part of a ReadProcessMemory or WriteProcessMemory request was completed. (0x12B)
[0416/231922.382:ERROR:process_memory_win.cc(73)] ReadMemory at 0x6b90a64000 of 6024 bytes failed: Only part of a ReadProcessMemory or WriteProcessMemory request was completed. (0x12B)
[0416/231922.382:ERROR:process_memory_win.cc(73)] ReadMemory at 0x2663add0750 of 80 bytes failed: Only part of a ReadProcessMemory or WriteProcessMemory request was completed. (0x12B)
[0416/231922.382:ERROR:process_memory_win.cc(73)] ReadMemory at 0x2663add0fe0 of 4488 bytes failed: Only part of a ReadProcessMemory or WriteProcessMemory request was completed. (0x12B)
[0416/231922.382:ERROR:process_memory_win.cc(73)] ReadMemory at 0x2663add2170 of 1012 bytes failed: Only part of a ReadProcessMemory or WriteProcessMemory request was completed. (0x12B)
[0416/231922.382:ERROR:process_memory_win.cc(73)] ReadMemory at 0x2663add27b8 of 118 bytes failed: Only part of a ReadProcessMemory or WriteProcessMemory request was completed. (0x12B)
[0416/231922.382:ERROR:process_memory_win.cc(73)] ReadMemory at 0x2663add2830 of 316 bytes failed: Only part of a ReadProcessMemory or WriteProcessMemory request was completed. (0x12B)
[0416/231922.382:ERROR:process_memory_win.cc(73)] ReadMemory at 0x2663add296e of 118 bytes failed: Only part of a ReadProcessMemory or WriteProcessMemory request was completed. (0x12B)
[0416/231922.382:ERROR:process_memory_win.cc(73)] ReadMemory at 0x2663add29e6 of 96 bytes failed: Only part of a ReadProcessMemory or WriteProcessMemory request was completed. (0x12B)
[0416/231922.382:ERROR:process_memory_win.cc(73)] ReadMemory at 0x2663add2a60 of 58 bytes failed: Only part of a ReadProcessMemory or WriteProcessMemory request was completed. (0x12B)
[0416/231922.382:ERROR:process_memory_win.cc(73)] ReadMemory at 0x2663add2b60 of 132 bytes failed: Only part of a ReadProcessMemory or WriteProcessMemory request was completed. (0x12B)
[0416/231922.382:ERROR:process_memory_win.cc(73)] ReadMemory at 0x2663add2cf0 of 132 bytes failed: Only part of a ReadProcessMemory or WriteProcessMemory request was completed. (0x12B)
[0416/231922.382:ERROR:process_memory_win.cc(73)] ReadMemory at 0x2663add2eb0 of 126 bytes failed: Only part of a ReadProcessMemory or WriteProcessMemory request was completed. (0x12B)
[0416/231922.382:ERROR:process_memory_win.cc(73)] ReadMemory at 0x2663add3290 of 132 bytes failed: Only part of a ReadProcessMemory or WriteProcessMemory request was completed. (0x12B)
[0416/231922.382:ERROR:process_memory_win.cc(73)] ReadMemory at 0x2663add3420 of 64 bytes failed: Only part of a ReadProcessMemory or WriteProcessMemory request was completed. (0x12B)
[0416/231922.382:ERROR:process_memory_win.cc(73)] ReadMemory at 0x2663add35e0 of 132 bytes failed: Only part of a ReadProcessMemory or WriteProcessMemory request was completed. (0x12B)
[0416/231922.382:ERROR:process_memory_win.cc(73)] ReadMemory at 0x2663add3880 of 132 bytes failed: Only part of a ReadProcessMemory or WriteProcessMemory request was completed. (0x12B)
[0416/231922.382:ERROR:process_memory_win.cc(73)] ReadMemory at 0x2663add3a10 of 68 bytes failed: Only part of a ReadProcessMemory or WriteProcessMemory request was completed. (0x12B)
[0416/231922.382:ERROR:process_memory_win.cc(73)] ReadMemory at 0x2663add4920 of 146 bytes failed: Only part of a ReadProcessMemory or WriteProcessMemory request was completed. (0x12B)
[0416/231922.382:ERROR:process_memory_win.cc(73)] ReadMemory at 0x2663add4a00 of 132 bytes failed: Only part of a ReadProcessMemory or WriteProcessMemory request was completed. (0x12B)
[0416/231922.382:ERROR:process_memory_win.cc(73)] ReadMemory at 0x2663add4b90 of 154 bytes failed: Only part of a ReadProcessMemory or WriteProcessMemory request was completed. (0x12B)
[0416/231922.382:ERROR:process_memory_win.cc(73)] ReadMemory at 0x2663add5980 of 62 bytes failed: Only part of a ReadProcessMemory or WriteProcessMemory request was completed. (0x12B)
[0416/231922.382:ERROR:process_memory_win.cc(73)] ReadMemory at 0x2663add59d0 of 132 bytes failed: Only part of a ReadProcessMemory or WriteProcessMemory request was completed. (0x12B)
[0416/231922.382:ERROR:process_memory_win.cc(73)] ReadMemory at 0x2663add5b70 of 132 bytes failed: Only part of a ReadProcessMemory or WriteProcessMemory request was completed. (0x12B)
[0416/231922.382:ERROR:process_memory_win.cc(73)] ReadMemory at 0x2663add5ca0 of 60 bytes failed: Only part of a ReadProcessMemory or WriteProcessMemory request was completed. (0x12B)
[0416/231922.382:ERROR:process_memory_win.cc(73)] ReadMemory at 0x2663add7730 of 132 bytes failed: Only part of a ReadProcessMemory or WriteProcessMemory request was completed. (0x12B)
[0416/231922.382:ERROR:process_memory_win.cc(73)] ReadMemory at 0x2663adda630 of 62 bytes failed: Only part of a ReadProcessMemory or WriteProcessMemory request was completed. (0x12B)
[0416/231922.382:ERROR:process_memory_win.cc(73)] ReadMemory at 0x2663adda680 of 64 bytes failed: Only part of a ReadProcessMemory or WriteProcessMemory request was completed. (0x12B)
[0416/231922.382:ERROR:process_memory_win.cc(73)] ReadMemory at 0x2663adda860 of 64 bytes failed: Only part of a ReadProcessMemory or WriteProcessMemory request was completed. (0x12B)
[0416/231922.382:ERROR:process_memory_win.cc(73)] ReadMemory at 0x2663adda900 of 60 bytes failed: Only part of a ReadProcessMemory or WriteProcessMemory request was completed. (0x12B)
[0416/231922.382:ERROR:process_memory_win.cc(73)] ReadMemory at 0x2663addaa90 of 60 bytes failed: Only part of a ReadProcessMemory or WriteProcessMemory request was completed. (0x12B)
[0416/231922.382:ERROR:process_memory_win.cc(73)] ReadMemory at 0x2663addaae0 of 64 bytes failed: Only part of a ReadProcessMemory or WriteProcessMemory request was completed. (0x12B)
[0416/231922.382:ERROR:process_memory_win.cc(73)] ReadMemory at 0x2663addabd0 of 62 bytes failed: Only part of a ReadProcessMemory or WriteProcessMemory request was completed. (0x12B)
[0416/231922.382:ERROR:process_memory_win.cc(73)] ReadMemory at 0x2663addacc0 of 64 bytes failed: Only part of a ReadProcessMemory or WriteProcessMemory request was completed. (0x12B)
[0416/231922.398:ERROR:process_memory_win.cc(73)] ReadMemory at 0x2663addad60 of 66 bytes failed: Only part of a ReadProcessMemory or WriteProcessMemory request was completed. (0x12B)
[0416/231922.413:ERROR:process_memory_win.cc(73)] ReadMemory at 0x2663addadf0 of 132 bytes failed: Only part of a ReadProcessMemory or WriteProcessMemory request was completed. (0x12B)
[0416/231922.413:ERROR:process_memory_win.cc(73)] ReadMemory at 0x2663addb150 of 132 bytes failed: Only part of a ReadProcessMemory or WriteProcessMemory request was completed. (0x12B)
[0416/231922.413:ERROR:process_memory_win.cc(73)] ReadMemory at 0x2663addb360 of 132 bytes failed: Only part of a ReadProcessMemory or WriteProcessMemory request was completed. (0x12B)
[0416/231922.413:ERROR:process_memory_win.cc(73)] ReadMemory at 0x2663addd4e0 of 54 bytes failed: Only part of a ReadProcessMemory or WriteProcessMemory request was completed. (0x12B)
[0416/231922.413:ERROR:process_memory_win.cc(73)] ReadMemory at 0x2663addf190 of 132 bytes failed: Only part of a ReadProcessMemory or WriteProcessMemory request was completed. (0x12B)
[0416/231922.413:ERROR:process_memory_win.cc(73)] ReadMemory at 0x2663ade0a20 of 132 bytes failed: Only part of a ReadProcessMemory or WriteProcessMemory request was completed. (0x12B)
[0416/231922.413:ERROR:process_memory_win.cc(73)] ReadMemory at 0x2663ade2790 of 132 bytes failed: Only part of a ReadProcessMemory or WriteProcessMemory request was completed. (0x12B)
[0416/231922.413:ERROR:process_memory_win.cc(73)] ReadMemory at 0x2663ade3af0 of 132 bytes failed: Only part of a ReadProcessMemory or WriteProcessMemory request was completed. (0x12B)
[0416/231922.413:ERROR:process_memory_win.cc(73)] ReadMemory at 0x2663ade3d10 of 132 bytes failed: Only part of a ReadProcessMemory or WriteProcessMemory request was completed. (0x12B)
[0416/231922.413:ERROR:process_memory_win.cc(73)] ReadMemory at 0x2663ade3f80 of 132 bytes failed: Only part of a ReadProcessMemory or WriteProcessMemory request was completed. (0x12B)
[0416/231922.413:ERROR:process_memory_win.cc(73)] ReadMemory at 0x2663ade40b0 of 132 bytes failed: Only part of a ReadProcessMemory or WriteProcessMemory request was completed. (0x12B)
[0416/231922.413:ERROR:process_memory_win.cc(73)] ReadMemory at 0x2663ade41e0 of 132 bytes failed: Only part of a ReadProcessMemory or WriteProcessMemory request was completed. (0x12B)
[0416/231922.413:ERROR:process_memory_win.cc(73)] ReadMemory at 0x2663ade4310 of 132 bytes failed: Only part of a ReadProcessMemory or WriteProcessMemory request was completed. (0x12B)
[0416/231922.413:ERROR:process_memory_win.cc(73)] ReadMemory at 0x2663ade4440 of 132 bytes failed: Only part of a ReadProcessMemory or WriteProcessMemory request was completed. (0x12B)
[0416/231922.413:ERROR:process_memory_win.cc(73)] ReadMemory at 0x2663ade4570 of 132 bytes failed: Only part of a ReadProcessMemory or WriteProcessMemory request was completed. (0x12B)
[0416/231922.413:ERROR:process_memory_win.cc(73)] ReadMemory at 0x2663ade46a0 of 132 bytes failed: Only part of a ReadProcessMemory or WriteProcessMemory request was completed. (0x12B)
[0416/231922.413:ERROR:process_memory_win.cc(73)] ReadMemory at 0x2663ade47d0 of 132 bytes failed: Only part of a ReadProcessMemory or WriteProcessMemory request was completed. (0x12B)
[0416/231922.413:ERROR:process_memory_win.cc(73)] ReadMemory at 0x2663ade4900 of 132 bytes failed: Only part of a ReadProcessMemory or WriteProcessMemory request was completed. (0x12B)
[0416/231922.429:ERROR:process_memory_win.cc(73)] ReadMemory at 0x2663ade4a30 of 132 bytes failed: Only part of a ReadProcessMemory or WriteProcessMemory request was completed. (0x12B)
[0416/231922.429:ERROR:process_memory_win.cc(73)] ReadMemory at 0x2663ade4b60 of 132 bytes failed: Only part of a ReadProcessMemory or WriteProcessMemory request was completed. (0x12B)
[0416/231922.429:ERROR:process_memory_win.cc(73)] ReadMemory at 0x2663ade4dc0 of 132 bytes failed: Only part of a ReadProcessMemory or WriteProcessMemory request was completed. (0x12B)
[0416/231922.429:ERROR:process_memory_win.cc(73)] ReadMemory at 0x2663ade5770 of 76 bytes failed: Only part of a ReadProcessMemory or WriteProcessMemory request was completed. (0x12B)
[0416/231922.429:ERROR:process_memory_win.cc(73)] ReadMemory at 0x2663ade5c50 of 80 bytes failed: Only part of a ReadProcessMemory or WriteProcessMemory request was completed. (0x12B)
[0416/231922.429:ERROR:process_memory_win.cc(73)] ReadMemory at 0x2663ade5ff0 of 62 bytes failed: Only part of a ReadProcessMemory or WriteProcessMemory request was completed. (0x12B)
[0416/231922.429:ERROR:process_memory_win.cc(73)] ReadMemory at 0x2663ade6040 of 60 bytes failed: Only part of a ReadProcessMemory or WriteProcessMemory request was completed. (0x12B)
[0416/231922.429:ERROR:process_memory_win.cc(73)] ReadMemory at 0x2663ade6090 of 62 bytes failed: Only part of a ReadProcessMemory or WriteProcessMemory request was completed. (0x12B)
[0416/231922.429:ERROR:process_memory_win.cc(73)] ReadMemory at 0x2663ade6450 of 60 bytes failed: Only part of a ReadProcessMemory or WriteProcessMemory request was completed. (0x12B)
[0416/231922.429:ERROR:process_memory_win.cc(73)] ReadMemory at 0x2663ade64a0 of 60 bytes failed: Only part of a ReadProcessMemory or WriteProcessMemory request was completed. (0x12B)
[0416/231922.429:ERROR:process_memory_win.cc(73)] ReadMemory at 0x2663ade64f0 of 64 bytes failed: Only part of a ReadProcessMemory or WriteProcessMemory request was completed. (0x12B)
[0416/231922.429:ERROR:process_memory_win.cc(73)] ReadMemory at 0x2663ade6540 of 62 bytes failed: Only part of a ReadProcessMemory or WriteProcessMemory request was completed. (0x12B)
[0416/231922.429:ERROR:process_memory_win.cc(73)] ReadMemory at 0x2663ade65e0 of 64 bytes failed: Only part of a ReadProcessMemory or WriteProcessMemory request was completed. (0x12B)
[0416/231922.429:ERROR:process_memory_win.cc(73)] ReadMemory at 0x2663ade6680 of 64 bytes failed: Only part of a ReadProcessMemory or WriteProcessMemory request was completed. (0x12B)
[0416/231922.429:ERROR:process_memory_win.cc(73)] ReadMemory at 0x2663ade6720 of 62 bytes failed: Only part of a ReadProcessMemory or WriteProcessMemory request was completed. (0x12B)
[0416/231922.429:ERROR:process_memory_win.cc(73)] ReadMemory at 0x2663ade6810 of 62 bytes failed: Only part of a ReadProcessMemory or WriteProcessMemory request was completed. (0x12B)
[0416/231922.429:ERROR:process_memory_win.cc(73)] ReadMemory at 0x2663ade6860 of 64 bytes failed: Only part of a ReadProcessMemory or WriteProcessMemory request was completed. (0x12B)
[0416/231922.429:ERROR:process_memory_win.cc(73)] ReadMemory at 0x2663ade68b0 of 62 bytes failed: Only part of a ReadProcessMemory or WriteProcessMemory request was completed. (0x12B)
[0416/231922.429:ERROR:process_memory_win.cc(73)] ReadMemory at 0x2663ade6900 of 60 bytes failed: Only part of a ReadProcessMemory or WriteProcessMemory request was completed. (0x12B)
[0416/231922.429:ERROR:process_memory_win.cc(73)] ReadMemory at 0x2663ade69a0 of 62 bytes failed: Only part of a ReadProcessMemory or WriteProcessMemory request was completed. (0x12B)
[0416/231922.444:ERROR:process_memory_win.cc(73)] ReadMemory at 0x2663ade6c70 of 62 bytes failed: Only part of a ReadProcessMemory or WriteProcessMemory request was completed. (0x12B)
[0416/231922.444:ERROR:process_memory_win.cc(73)] ReadMemory at 0x2663ade6d60 of 66 bytes failed: Only part of a ReadProcessMemory or WriteProcessMemory request was completed. (0x12B)
[0416/231922.444:ERROR:process_memory_win.cc(73)] ReadMemory at 0x2663ade6e00 of 58 bytes failed: Only part of a ReadProcessMemory or WriteProcessMemory request was completed. (0x12B)
[0416/231922.444:ERROR:process_memory_win.cc(73)] ReadMemory at 0x2663ade70a0 of 132 bytes failed: Only part of a ReadProcessMemory or WriteProcessMemory request was completed. (0x12B)
[0416/231922.444:ERROR:process_memory_win.cc(73)] ReadMemory at 0x2663ade7300 of 132 bytes failed: Only part of a ReadProcessMemory or WriteProcessMemory request was completed. (0x12B)
[0416/231922.444:ERROR:process_memory_win.cc(73)] ReadMemory at 0x2663ade7430 of 132 bytes failed: Only part of a ReadProcessMemory or WriteProcessMemory request was completed. (0x12B)
[0416/231922.444:ERROR:process_memory_win.cc(73)] ReadMemory at 0x2663ade7b50 of 132 bytes failed: Only part of a ReadProcessMemory or WriteProcessMemory request was completed. (0x12B)
[0416/231922.444:ERROR:process_memory_win.cc(73)] ReadMemory at 0x2663ade8270 of 132 bytes failed: Only part of a ReadProcessMemory or WriteProcessMemory request was completed. (0x12B)
[0416/231922.444:ERROR:process_memory_win.cc(73)] ReadMemory at 0x2663ade84d0 of 132 bytes failed: Only part of a ReadProcessMemory or WriteProcessMemory request was completed. (0x12B)
[0416/231922.460:ERROR:process_memory_win.cc(73)] ReadMemory at 0x2663ade8600 of 132 bytes failed: Only part of a ReadProcessMemory or WriteProcessMemory request was completed. (0x12B)
[0416/231922.460:ERROR:process_memory_win.cc(73)] ReadMemory at 0x2663ade8860 of 132 bytes failed: Only part of a ReadProcessMemory or WriteProcessMemory request was completed. (0x12B)
[0416/231922.460:ERROR:process_memory_win.cc(73)] ReadMemory at 0x2663ade8990 of 132 bytes failed: Only part of a ReadProcessMemory or WriteProcessMemory request was completed. (0x12B)
[0416/231922.460:ERROR:process_memory_win.cc(73)] ReadMemory at 0x2663ade8d20 of 132 bytes failed: Only part of a ReadProcessMemory or WriteProcessMemory request was completed. (0x12B)
[0416/231922.460:ERROR:process_memory_win.cc(73)] ReadMemory at 0x2663b0d5d40 of 512 bytes failed: Only part of a ReadProcessMemory or WriteProcessMemory request was completed. (0x12B)
[0416/231922.538:ERROR:scoped_process_suspend.cc(40)] NtResumeProcess: An attempt was made to access an exiting process. (0xc000010a)
[0522/111655.660:ERROR:process_memory_win.cc(73)] ReadMemory at 0xc9dc5fc000 of 16384 bytes failed: Only part of a ReadProcessMemory or WriteProcessMemory request was completed. (0x12B)
[0522/111655.672:ERROR:process_memory_win.cc(73)] ReadMemory at 0xc9db4ca000 of 852 bytes failed: Only part of a ReadProcessMemory or WriteProcessMemory request was completed. (0x12B)
[0522/111655.672:ERROR:process_memory_win.cc(73)] ReadMemory at 0xc9db4cd000 of 6024 bytes failed: Only part of a ReadProcessMemory or WriteProcessMemory request was completed. (0x12B)
[0522/111655.673:ERROR:process_memory_win.cc(73)] ReadMemory at 0x21d185e0750 of 80 bytes failed: Only part of a ReadProcessMemory or WriteProcessMemory request was completed. (0x12B)
[0522/111655.673:ERROR:process_memory_win.cc(73)] ReadMemory at 0x21d185e0fe0 of 4618 bytes failed: Only part of a ReadProcessMemory or WriteProcessMemory request was completed. (0x12B)
[0522/111655.673:ERROR:process_memory_win.cc(73)] ReadMemory at 0x21d185e2200 of 1012 bytes failed: Only part of a ReadProcessMemory or WriteProcessMemory request was completed. (0x12B)
[0522/111655.673:ERROR:process_memory_win.cc(73)] ReadMemory at 0x21d185e2848 of 118 bytes failed: Only part of a ReadProcessMemory or WriteProcessMemory request was completed. (0x12B)
[0522/111655.673:ERROR:process_memory_win.cc(73)] ReadMemory at 0x21d185e28c0 of 316 bytes failed: Only part of a ReadProcessMemory or WriteProcessMemory request was completed. (0x12B)
[0522/111655.673:ERROR:process_memory_win.cc(73)] ReadMemory at 0x21d185e29fe of 118 bytes failed: Only part of a ReadProcessMemory or WriteProcessMemory request was completed. (0x12B)
[0522/111655.673:ERROR:process_memory_win.cc(73)] ReadMemory at 0x21d185e2a76 of 96 bytes failed: Only part of a ReadProcessMemory or WriteProcessMemory request was completed. (0x12B)
[0522/111655.674:ERROR:process_memory_win.cc(73)] ReadMemory at 0x21d185e2af0 of 58 bytes failed: Only part of a ReadProcessMemory or WriteProcessMemory request was completed. (0x12B)
[0522/111655.674:ERROR:process_memory_win.cc(73)] ReadMemory at 0x21d185e2bf0 of 132 bytes failed: Only part of a ReadProcessMemory or WriteProcessMemory request was completed. (0x12B)
[0522/111655.674:ERROR:process_memory_win.cc(73)] ReadMemory at 0x21d185e2d80 of 132 bytes failed: Only part of a ReadProcessMemory or WriteProcessMemory request was completed. (0x12B)
[0522/111655.674:ERROR:process_memory_win.cc(73)] ReadMemory at 0x21d185e2f40 of 126 bytes failed: Only part of a ReadProcessMemory or WriteProcessMemory request was completed. (0x12B)
[0522/111655.674:ERROR:process_memory_win.cc(73)] ReadMemory at 0x21d185e3320 of 132 bytes failed: Only part of a ReadProcessMemory or WriteProcessMemory request was completed. (0x12B)
[0522/111655.674:ERROR:process_memory_win.cc(73)] ReadMemory at 0x21d185e34b0 of 64 bytes failed: Only part of a ReadProcessMemory or WriteProcessMemory request was completed. (0x12B)
[0522/111655.674:ERROR:process_memory_win.cc(73)] ReadMemory at 0x21d185e3670 of 132 bytes failed: Only part of a ReadProcessMemory or WriteProcessMemory request was completed. (0x12B)
[0522/111655.674:ERROR:process_memory_win.cc(73)] ReadMemory at 0x21d185e3910 of 132 bytes failed: Only part of a ReadProcessMemory or WriteProcessMemory request was completed. (0x12B)
[0522/111655.675:ERROR:process_memory_win.cc(73)] ReadMemory at 0x21d185e3aa0 of 68 bytes failed: Only part of a ReadProcessMemory or WriteProcessMemory request was completed. (0x12B)
[0522/111655.675:ERROR:process_memory_win.cc(73)] ReadMemory at 0x21d185e49b0 of 146 bytes failed: Only part of a ReadProcessMemory or WriteProcessMemory request was completed. (0x12B)
[0522/111655.675:ERROR:process_memory_win.cc(73)] ReadMemory at 0x21d185e4a90 of 132 bytes failed: Only part of a ReadProcessMemory or WriteProcessMemory request was completed. (0x12B)
[0522/111655.675:ERROR:process_memory_win.cc(73)] ReadMemory at 0x21d185e4c20 of 154 bytes failed: Only part of a ReadProcessMemory or WriteProcessMemory request was completed. (0x12B)
[0522/111655.675:ERROR:process_memory_win.cc(73)] ReadMemory at 0x21d185e5a10 of 62 bytes failed: Only part of a ReadProcessMemory or WriteProcessMemory request was completed. (0x12B)
[0522/111655.675:ERROR:process_memory_win.cc(73)] ReadMemory at 0x21d185e5a60 of 132 bytes failed: Only part of a ReadProcessMemory or WriteProcessMemory request was completed. (0x12B)
[0522/111655.675:ERROR:process_memory_win.cc(73)] ReadMemory at 0x21d185e5c00 of 132 bytes failed: Only part of a ReadProcessMemory or WriteProcessMemory request was completed. (0x12B)
[0522/111655.675:ERROR:process_memory_win.cc(73)] ReadMemory at 0x21d185e5d30 of 60 bytes failed: Only part of a ReadProcessMemory or WriteProcessMemory request was completed. (0x12B)
[0522/111655.676:ERROR:process_memory_win.cc(73)] ReadMemory at 0x21d185e81e0 of 132 bytes failed: Only part of a ReadProcessMemory or WriteProcessMemory request was completed. (0x12B)
[0522/111655.676:ERROR:process_memory_win.cc(73)] ReadMemory at 0x21d185eb1d0 of 64 bytes failed: Only part of a ReadProcessMemory or WriteProcessMemory request was completed. (0x12B)
[0522/111655.676:ERROR:process_memory_win.cc(73)] ReadMemory at 0x21d185eb270 of 62 bytes failed: Only part of a ReadProcessMemory or WriteProcessMemory request was completed. (0x12B)
[0522/111655.676:ERROR:process_memory_win.cc(73)] ReadMemory at 0x21d185eb310 of 60 bytes failed: Only part of a ReadProcessMemory or WriteProcessMemory request was completed. (0x12B)
[0522/111655.676:ERROR:process_memory_win.cc(73)] ReadMemory at 0x21d185eb360 of 62 bytes failed: Only part of a ReadProcessMemory or WriteProcessMemory request was completed. (0x12B)
[0522/111655.676:ERROR:process_memory_win.cc(73)] ReadMemory at 0x21d185eb400 of 64 bytes failed: Only part of a ReadProcessMemory or WriteProcessMemory request was completed. (0x12B)
[0522/111655.676:ERROR:process_memory_win.cc(73)] ReadMemory at 0x21d185eb590 of 60 bytes failed: Only part of a ReadProcessMemory or WriteProcessMemory request was completed. (0x12B)
[0522/111655.677:ERROR:process_memory_win.cc(73)] ReadMemory at 0x21d185eb630 of 66 bytes failed: Only part of a ReadProcessMemory or WriteProcessMemory request was completed. (0x12B)
[0522/111655.677:ERROR:process_memory_win.cc(73)] ReadMemory at 0x21d185eb770 of 64 bytes failed: Only part of a ReadProcessMemory or WriteProcessMemory request was completed. (0x12B)
[0522/111655.677:ERROR:process_memory_win.cc(73)] ReadMemory at 0x21d185eb810 of 64 bytes failed: Only part of a ReadProcessMemory or WriteProcessMemory request was completed. (0x12B)
[0522/111655.677:ERROR:process_memory_win.cc(73)] ReadMemory at 0x21d185eb990 of 132 bytes failed: Only part of a ReadProcessMemory or WriteProcessMemory request was completed. (0x12B)
[0522/111655.677:ERROR:process_memory_win.cc(73)] ReadMemory at 0x21d185ec3b0 of 132 bytes failed: Only part of a ReadProcessMemory or WriteProcessMemory request was completed. (0x12B)
[0522/111655.677:ERROR:process_memory_win.cc(73)] ReadMemory at 0x21d185ec810 of 132 bytes failed: Only part of a ReadProcessMemory or WriteProcessMemory request was completed. (0x12B)
[0522/111655.677:ERROR:process_memory_win.cc(73)] ReadMemory at 0x21d185ec940 of 132 bytes failed: Only part of a ReadProcessMemory or WriteProcessMemory request was completed. (0x12B)
[0522/111655.677:ERROR:process_memory_win.cc(73)] ReadMemory at 0x21d185eca70 of 132 bytes failed: Only part of a ReadProcessMemory or WriteProcessMemory request was completed. (0x12B)
[0522/111655.677:ERROR:process_memory_win.cc(73)] ReadMemory at 0x21d185ecba0 of 132 bytes failed: Only part of a ReadProcessMemory or WriteProcessMemory request was completed. (0x12B)
[0522/111655.677:ERROR:process_memory_win.cc(73)] ReadMemory at 0x21d185eccd0 of 132 bytes failed: Only part of a ReadProcessMemory or WriteProcessMemory request was completed. (0x12B)
[0522/111655.677:ERROR:process_memory_win.cc(73)] ReadMemory at 0x21d185ece00 of 132 bytes failed: Only part of a ReadProcessMemory or WriteProcessMemory request was completed. (0x12B)
[0522/111655.677:ERROR:process_memory_win.cc(73)] ReadMemory at 0x21d185ecf30 of 132 bytes failed: Only part of a ReadProcessMemory or WriteProcessMemory request was completed. (0x12B)
[0522/111655.677:ERROR:process_memory_win.cc(73)] ReadMemory at 0x21d185ed060 of 132 bytes failed: Only part of a ReadProcessMemory or WriteProcessMemory request was completed. (0x12B)
[0522/111655.677:ERROR:process_memory_win.cc(73)] ReadMemory at 0x21d185ed190 of 132 bytes failed: Only part of a ReadProcessMemory or WriteProcessMemory request was completed. (0x12B)
[0522/111655.677:ERROR:process_memory_win.cc(73)] ReadMemory at 0x21d185ed2c0 of 132 bytes failed: Only part of a ReadProcessMemory or WriteProcessMemory request was completed. (0x12B)
[0522/111655.677:ERROR:process_memory_win.cc(73)] ReadMemory at 0x21d185ed3f0 of 132 bytes failed: Only part of a ReadProcessMemory or WriteProcessMemory request was completed. (0x12B)
[0522/111655.677:ERROR:process_memory_win.cc(73)] ReadMemory at 0x21d185ed520 of 132 bytes failed: Only part of a ReadProcessMemory or WriteProcessMemory request was completed. (0x12B)
[0522/111655.677:ERROR:process_memory_win.cc(73)] ReadMemory at 0x21d185eee20 of 132 bytes failed: Only part of a ReadProcessMemory or WriteProcessMemory request was completed. (0x12B)
[0522/111655.677:ERROR:process_memory_win.cc(73)] ReadMemory at 0x21d185ef4f0 of 132 bytes failed: Only part of a ReadProcessMemory or WriteProcessMemory request was completed. (0x12B)
[0522/111655.677:ERROR:process_memory_win.cc(73)] ReadMemory at 0x21d185ef710 of 132 bytes failed: Only part of a ReadProcessMemory or WriteProcessMemory request was completed. (0x12B)
[0522/111655.677:ERROR:process_memory_win.cc(73)] ReadMemory at 0x21d185f14e0 of 132 bytes failed: Only part of a ReadProcessMemory or WriteProcessMemory request was completed. (0x12B)
[0522/111655.677:ERROR:process_memory_win.cc(73)] ReadMemory at 0x21d185f3f70 of 54 bytes failed: Only part of a ReadProcessMemory or WriteProcessMemory request was completed. (0x12B)
[0522/111655.677:ERROR:process_memory_win.cc(73)] ReadMemory at 0x21d185f4d50 of 132 bytes failed: Only part of a ReadProcessMemory or WriteProcessMemory request was completed. (0x12B)
[0522/111655.677:ERROR:process_memory_win.cc(73)] ReadMemory at 0x21d185f4e80 of 132 bytes failed: Only part of a ReadProcessMemory or WriteProcessMemory request was completed. (0x12B)
[0522/111655.677:ERROR:process_memory_win.cc(73)] ReadMemory at 0x21d185f5240 of 76 bytes failed: Only part of a ReadProcessMemory or WriteProcessMemory request was completed. (0x12B)
[0522/111655.677:ERROR:process_memory_win.cc(73)] ReadMemory at 0x21d185f52a0 of 80 bytes failed: Only part of a ReadProcessMemory or WriteProcessMemory request was completed. (0x12B)
[0522/111655.677:ERROR:process_memory_win.cc(73)] ReadMemory at 0x21d185f6060 of 64 bytes failed: Only part of a ReadProcessMemory or WriteProcessMemory request was completed. (0x12B)
[0522/111655.681:ERROR:process_memory_win.cc(73)] ReadMemory at 0x21d185f6150 of 60 bytes failed: Only part of a ReadProcessMemory or WriteProcessMemory request was completed. (0x12B)
[0522/111655.681:ERROR:process_memory_win.cc(73)] ReadMemory at 0x21d185f63d0 of 64 bytes failed: Only part of a ReadProcessMemory or WriteProcessMemory request was completed. (0x12B)
[0522/111655.681:ERROR:process_memory_win.cc(73)] ReadMemory at 0x21d185f6420 of 62 bytes failed: Only part of a ReadProcessMemory or WriteProcessMemory request was completed. (0x12B)
[0522/111655.681:ERROR:process_memory_win.cc(73)] ReadMemory at 0x21d185f6510 of 64 bytes failed: Only part of a ReadProcessMemory or WriteProcessMemory request was completed. (0x12B)
[0522/111655.681:ERROR:process_memory_win.cc(73)] ReadMemory at 0x21d185f6560 of 62 bytes failed: Only part of a ReadProcessMemory or WriteProcessMemory request was completed. (0x12B)
[0522/111655.681:ERROR:process_memory_win.cc(73)] ReadMemory at 0x21d185f66a0 of 62 bytes failed: Only part of a ReadProcessMemory or WriteProcessMemory request was completed. (0x12B)
[0522/111655.681:ERROR:process_memory_win.cc(73)] ReadMemory at 0x21d185f6740 of 66 bytes failed: Only part of a ReadProcessMemory or WriteProcessMemory request was completed. (0x12B)
[0522/111655.681:ERROR:process_memory_win.cc(73)] ReadMemory at 0x21d185f67e0 of 62 bytes failed: Only part of a ReadProcessMemory or WriteProcessMemory request was completed. (0x12B)
[0522/111655.681:ERROR:process_memory_win.cc(73)] ReadMemory at 0x21d185f6830 of 62 bytes failed: Only part of a ReadProcessMemory or WriteProcessMemory request was completed. (0x12B)
[0522/111655.681:ERROR:process_memory_win.cc(73)] ReadMemory at 0x21d185f68d0 of 62 bytes failed: Only part of a ReadProcessMemory or WriteProcessMemory request was completed. (0x12B)
[0522/111655.681:ERROR:process_memory_win.cc(73)] ReadMemory at 0x21d185f6970 of 60 bytes failed: Only part of a ReadProcessMemory or WriteProcessMemory request was completed. (0x12B)
[0522/111655.681:ERROR:process_memory_win.cc(73)] ReadMemory at 0x21d185f6a10 of 64 bytes failed: Only part of a ReadProcessMemory or WriteProcessMemory request was completed. (0x12B)
[0522/111655.681:ERROR:process_memory_win.cc(73)] ReadMemory at 0x21d185f6b00 of 62 bytes failed: Only part of a ReadProcessMemory or WriteProcessMemory request was completed. (0x12B)
[0522/111655.681:ERROR:process_memory_win.cc(73)] ReadMemory at 0x21d185f6d80 of 60 bytes failed: Only part of a ReadProcessMemory or WriteProcessMemory request was completed. (0x12B)
[0522/111655.681:ERROR:process_memory_win.cc(73)] ReadMemory at 0x21d185f6e70 of 58 bytes failed: Only part of a ReadProcessMemory or WriteProcessMemory request was completed. (0x12B)
[0522/111655.681:ERROR:process_memory_win.cc(73)] ReadMemory at 0x21d185f6ec0 of 62 bytes failed: Only part of a ReadProcessMemory or WriteProcessMemory request was completed. (0x12B)
[0522/111655.681:ERROR:process_memory_win.cc(73)] ReadMemory at 0x21d185f6f10 of 60 bytes failed: Only part of a ReadProcessMemory or WriteProcessMemory request was completed. (0x12B)
[0522/111655.681:ERROR:process_memory_win.cc(73)] ReadMemory at 0x21d185f7150 of 132 bytes failed: Only part of a ReadProcessMemory or WriteProcessMemory request was completed. (0x12B)
[0522/111655.681:ERROR:process_memory_win.cc(73)] ReadMemory at 0x21d185f7610 of 132 bytes failed: Only part of a ReadProcessMemory or WriteProcessMemory request was completed. (0x12B)
[0522/111655.681:ERROR:process_memory_win.cc(73)] ReadMemory at 0x21d185f7740 of 132 bytes failed: Only part of a ReadProcessMemory or WriteProcessMemory request was completed. (0x12B)
[0522/111655.681:ERROR:process_memory_win.cc(73)] ReadMemory at 0x21d185f7870 of 132 bytes failed: Only part of a ReadProcessMemory or WriteProcessMemory request was completed. (0x12B)
[0522/111655.681:ERROR:process_memory_win.cc(73)] ReadMemory at 0x21d185f7f90 of 132 bytes failed: Only part of a ReadProcessMemory or WriteProcessMemory request was completed. (0x12B)
[0522/111655.681:ERROR:process_memory_win.cc(73)] ReadMemory at 0x21d185f8580 of 132 bytes failed: Only part of a ReadProcessMemory or WriteProcessMemory request was completed. (0x12B)
[0522/111655.681:ERROR:process_memory_win.cc(73)] ReadMemory at 0x21d185f87e0 of 132 bytes failed: Only part of a ReadProcessMemory or WriteProcessMemory request was completed. (0x12B)
[0522/111655.681:ERROR:process_memory_win.cc(73)] ReadMemory at 0x21d185f8910 of 132 bytes failed: Only part of a ReadProcessMemory or WriteProcessMemory request was completed. (0x12B)
[0522/111655.681:ERROR:process_memory_win.cc(73)] ReadMemory at 0x21d185f8ca0 of 132 bytes failed: Only part of a ReadProcessMemory or WriteProcessMemory request was completed. (0x12B)
[0522/111655.681:ERROR:process_memory_win.cc(73)] ReadMemory at 0x21d185f8dd0 of 132 bytes failed: Only part of a ReadProcessMemory or WriteProcessMemory request was completed. (0x12B)
[0522/111655.681:ERROR:process_memory_win.cc(73)] ReadMemory at 0x21d18c4bf30 of 512 bytes failed: Only part of a ReadProcessMemory or WriteProcessMemory request was completed. (0x12B)
[0522/111655.701:ERROR:scoped_process_suspend.cc(40)] NtResumeProcess: An attempt was made to access an exiting process. (0xc000010a)
[0523/153327.788:ERROR:process_memory_win.cc(73)] ReadMemory at 0xf8425fc000 of 16384 bytes failed: Only part of a ReadProcessMemory or WriteProcessMemory request was completed. (0x12B)
[0523/153327.804:ERROR:process_memory_win.cc(73)] ReadMemory at 0xf841475000 of 852 bytes failed: Only part of a ReadProcessMemory or WriteProcessMemory request was completed. (0x12B)
[0523/153327.804:ERROR:process_memory_win.cc(73)] ReadMemory at 0xf841478000 of 6024 bytes failed: Only part of a ReadProcessMemory or WriteProcessMemory request was completed. (0x12B)
[0523/153327.831:ERROR:scoped_process_suspend.cc(40)] NtResumeProcess: An attempt was made to access an exiting process. (0xc000010a)
[0524/130504.577:ERROR:scoped_process_suspend.cc(40)] NtResumeProcess: An attempt was made to access an exiting process. (0xc000010a)
